<?xml version="1.0" encoding="UTF-8"?>
<!-- Generated by org.testng.reporters.JUnitReportReporter -->
<testsuite skipped="0" hostname="DESKTOP-FJOEKR9" name="com.uk.zoopla.runnertest.Zoopla_MyRunner" tests="1" failures="0" timestamp="06 Jan 2021 06:39:20 GMT" time="16.604" errors="0">
  <testcase name="feature" time="16.604" classname="com.uk.zoopla.runnertest.Zoopla_MyRunner"/>
</testsuite> <!-- com.uk.zoopla.runnertest.Zoopla_MyRunner -->
